# JRE version: Java(TM) SE Runtime Environment (22.0.1+8) (build 22.0.1+8-16)
# Java VM: Java HotSpot(TM) 64-Bit Server VM (22.0.1+8-16, mixed mode, sharing, tiered, compressed oops, compressed class ptrs, g1 gc, windows-amd64)
GC Precious Log:
 CardTable entry size: 512
 Card Set container configuration: InlinePtr #cards 5 size 8 Array Of Cards #cards 12 size 40 Howl #buckets 4 coarsen threshold 1843 Howl Bitmap #cards 512 size 80 coarsen threshold 460 Card regions per heap region 1 cards per card region 2048
 CPUs: 8 total, 8 available
 Memory: 8107M
 Large Page Support: Disabled
 NUMA Support: Disabled
 Compressed Oops: Enabled (32-bit)
 Heap Region Size: 1M
 Heap Min Capacity: 8M
 Heap Initial Capacity: 128M
 Heap Max Capacity: 2028M
 Pre-touch: Disabled
 Parallel Workers: 8
 Concurrent Workers: 2
 Concurrent Refinement Workers: 8
 Periodic GC: Disabled
Heap:
 garbage-first heap   total reserved 2076672K, committed 68608K, used 35407K [0x0000000081400000, 0x0000000100000000)
  region size 1024K, 12 young (12288K), 3 survivors (3072K)
 Metaspace       used 29900K, committed 30272K, reserved 1114112K
  class space    used 3485K, committed 3648K, reserved 1048576K
GC Heap History (16 events):
Event: 3.791 GC heap before
{Heap before GC invocations=0 (full 0):
 garbage-first heap   total reserved 2076672K, committed 131072K, used 23552K [0x0000000081400000, 0x0000000100000000)
  region size 1024K, 24 young (24576K), 0 survivors (0K)
 Metaspace       used 6107K, committed 6272K, reserved 1114112K
  class space    used 708K, committed 768K, reserved 1048576K
}
Event: 3.801 GC heap after
{Heap after GC invocations=1 (full 0):
 garbage-first heap   total reserved 2076672K, committed 131072K, used 4096K [0x0000000081400000, 0x0000000100000000)
  region size 1024K, 3 young (3072K), 3 survivors (3072K)
 Metaspace       used 6107K, committed 6272K, reserved 1114112K
  class space    used 708K, committed 768K, reserved 1048576K
}
Event: 4.573 GC heap before
{Heap before GC invocations=1 (full 0):
 garbage-first heap   total reserved 2076672K, committed 131072K, used 34816K [0x0000000081400000, 0x0000000100000000)
  region size 1024K, 34 young (34816K), 3 survivors (3072K)
 Metaspace       used 10604K, committed 10752K, reserved 1114112K
  class space    used 1261K, committed 1344K, reserved 1048576K
}
Event: 4.581 GC heap after
{Heap after GC invocations=2 (full 0):
 garbage-first heap   total reserved 2076672K, committed 131072K, used 6254K [0x0000000081400000, 0x0000000100000000)
  region size 1024K, 3 young (3072K), 3 survivors (3072K)
 Metaspace       used 10604K, committed 10752K, reserved 1114112K
  class space    used 1261K, committed 1344K, reserved 1048576K
}
Event: 6.873 GC heap before
{Heap before GC invocations=2 (full 0):
 garbage-first heap   total reserved 2076672K, committed 131072K, used 81006K [0x0000000081400000, 0x0000000100000000)
  region size 1024K, 76 young (77824K), 3 survivors (3072K)
 Metaspace       used 17334K, committed 17600K, reserved 1114112K
  class space    used 2018K, committed 2112K, reserved 1048576K
}
Event: 6.886 GC heap after
{Heap after GC invocations=3 (full 0):
 garbage-first heap   total reserved 2076672K, committed 131072K, used 11486K [0x0000000081400000, 0x0000000100000000)
  region size 1024K, 8 young (8192K), 8 survivors (8192K)
 Metaspace       used 17334K, committed 17600K, reserved 1114112K
  class space    used 2018K, committed 2112K, reserved 1048576K
}
Event: 7.538 GC heap before
{Heap before GC invocations=3 (full 0):
 garbage-first heap   total reserved 2076672K, committed 131072K, used 22750K [0x0000000081400000, 0x0000000100000000)
  region size 1024K, 20 young (20480K), 8 survivors (8192K)
 Metaspace       used 21153K, committed 21504K, reserved 1114112K
  class space    used 2504K, committed 2688K, reserved 1048576K
}
Event: 7.551 GC heap after
{Heap after GC invocations=4 (full 0):
 garbage-first heap   total reserved 2076672K, committed 131072K, used 12806K [0x0000000081400000, 0x0000000100000000)
  region size 1024K, 2 young (2048K), 2 survivors (2048K)
 Metaspace       used 21153K, committed 21504K, reserved 1114112K
  class space    used 2504K, committed 2688K, reserved 1048576K
}
Event: 8.406 GC heap before
{Heap before GC invocations=5 (full 0):
 garbage-first heap   total reserved 2076672K, committed 45056K, used 44550K [0x0000000081400000, 0x0000000100000000)
  region size 1024K, 33 young (33792K), 2 survivors (2048K)
 Metaspace       used 25879K, committed 26176K, reserved 1114112K
  class space    used 3016K, committed 3136K, reserved 1048576K
}
Event: 8.422 GC heap after
{Heap after GC invocations=6 (full 0):
 garbage-first heap   total reserved 2076672K, committed 55296K, used 20936K [0x0000000081400000, 0x0000000100000000)
  region size 1024K, 10 young (10240K), 10 survivors (10240K)
 Metaspace       used 25879K, committed 26176K, reserved 1114112K
  class space    used 3016K, committed 3136K, reserved 1048576K
}
Event: 8.923 GC heap before
{Heap before GC invocations=6 (full 0):
 garbage-first heap   total reserved 2076672K, committed 55296K, used 40392K [0x0000000081400000, 0x0000000100000000)
  region size 1024K, 29 young (29696K), 10 survivors (10240K)
 Metaspace       used 27681K, committed 28096K, reserved 1114112K
  class space    used 3261K, committed 3456K, reserved 1048576K
}
Event: 8.957 GC heap after
{Heap after GC invocations=7 (full 0):
 garbage-first heap   total reserved 2076672K, committed 56320K, used 24576K [0x0000000081400000, 0x0000000100000000)
  region size 1024K, 4 young (4096K), 4 survivors (4096K)
 Metaspace       used 27681K, committed 28096K, reserved 1114112K
  class space    used 3261K, committed 3456K, reserved 1048576K
}
Event: 9.742 GC heap before
{Heap before GC invocations=7 (full 0):
 garbage-first heap   total reserved 2076672K, committed 56320K, used 46080K [0x0000000081400000, 0x0000000100000000)
  region size 1024K, 25 young (25600K), 4 survivors (4096K)
 Metaspace       used 28335K, committed 28736K, reserved 1114112K
  class space    used 3274K, committed 3456K, reserved 1048576K
}
Event: 9.753 GC heap after
{Heap after GC invocations=8 (full 0):
 garbage-first heap   total reserved 2076672K, committed 56320K, used 25994K [0x0000000081400000, 0x0000000100000000)
  region size 1024K, 2 young (2048K), 2 survivors (2048K)
 Metaspace       used 28335K, committed 28736K, reserved 1114112K
  class space    used 3274K, committed 3456K, reserved 1048576K
}
Event: 10.306 GC heap before
{Heap before GC invocations=8 (full 0):
 garbage-first heap   total reserved 2076672K, committed 56320K, used 46474K [0x0000000081400000, 0x0000000100000000)
  region size 1024K, 23 young (23552K), 2 survivors (2048K)
 Metaspace       used 28920K, committed 29376K, reserved 1114112K
  class space    used 3328K, committed 3520K, reserved 1048576K
}
Event: 10.312 GC heap after
{Heap after GC invocations=9 (full 0):
 garbage-first heap   total reserved 2076672K, committed 68608K, used 27215K [0x0000000081400000, 0x0000000100000000)
  region size 1024K, 3 young (3072K), 3 survivors (3072K)
 Metaspace       used 28920K, committed 29376K, reserved 1114112K
  class space    used 3328K, committed 3520K, reserved 1048576K
}

